<?xml version="1.0" encoding="UTF-8"?>
<testng-results skipped="0" failed="1" ignored="0" total="2" passed="1">
  <reporter-output>
  </reporter-output>
  <suite name="Default suite" duration-ms="4652" started-at="2021-07-30T04:24:23Z" finished-at="2021-07-30T04:24:27Z">
    <groups>
    </groups>
    <test name="Default test" duration-ms="4652" started-at="2021-07-30T04:24:23Z" finished-at="2021-07-30T04:24:27Z">
      <class name="myApplication.PHPpricingchktest">
        <test-method status="PASS" signature="Clickpricing()[pri:0, instance:myApplication.PHPpricingchktest@7905a0b8]" name="Clickpricing" is-config="true" duration-ms="1267" started-at="2021-07-30T04:24:23Z" finished-at="2021-07-30T04:24:24Z">
          <reporter-output>
          </reporter-output>
        </test-method> <!-- Clickpricing -->
        <test-method status="PASS" signature="CheckTxt()[pri:0, instance:myApplication.PHPpricingchktest@7905a0b8]" name="CheckTxt" duration-ms="2011" started-at="2021-07-30T04:24:24Z" finished-at="2021-07-30T04:24:26Z">
          <reporter-output>
          </reporter-output>
        </test-method> <!-- CheckTxt -->
        <test-method status="PASS" signature="Clickpricing()[pri:0, instance:myApplication.PHPpricingchktest@7905a0b8]" name="Clickpricing" is-config="true" duration-ms="1269" started-at="2021-07-30T04:24:26Z" finished-at="2021-07-30T04:24:27Z">
          <reporter-output>
          </reporter-output>
        </test-method> <!-- Clickpricing -->
        <test-method status="FAIL" signature="crosscheckprc()[pri:0, instance:myApplication.PHPpricingchktest@7905a0b8]" name="crosscheckprc" duration-ms="43" started-at="2021-07-30T04:24:27Z" finished-at="2021-07-30T04:24:27Z">
          <exception class="java.lang.NumberFormatException">
            <message>
              <![CDATA[For input string: ""]]>
            </message>
            <full-stacktrace>
              <![CDATA[java.lang.NumberFormatException: For input string: ""
at java.lang.NumberFormatException.forInputString(Unknown Source)
at java.lang.Integer.parseInt(Unknown Source)
at java.lang.Integer.parseInt(Unknown Source)
at myApplication.PHPpricinchkobject.getAndroidprc(PHPpricinchkobject.java:49)
at myApplication.PHPpricingchktest.crosscheckprc(PHPpricingchktest.java:26)
at sun.reflect.NativeMethodAccessorImpl.invoke0(Native Method)
at sun.reflect.NativeMethodAccessorImpl.invoke(Unknown Source)
at sun.reflect.DelegatingMethodAccessorImpl.invoke(Unknown Source)
at java.lang.reflect.Method.invoke(Unknown Source)
at org.testng.internal.MethodInvocationHelper.invokeMethod(MethodInvocationHelper.java:124)
at org.testng.internal.Invoker.invokeMethod(Invoker.java:583)
at org.testng.internal.Invoker.invokeTestMethod(Invoker.java:719)
at org.testng.internal.Invoker.invokeTestMethods(Invoker.java:989)
at org.testng.internal.TestMethodWorker.invokeTestMethods(TestMethodWorker.java:125)
at org.testng.internal.TestMethodWorker.run(TestMethodWorker.java:109)
at org.testng.TestRunner.privateRun(TestRunner.java:648)
at org.testng.TestRunner.run(TestRunner.java:505)
at org.testng.SuiteRunner.runTest(SuiteRunner.java:455)
at org.testng.SuiteRunner.runSequentially(SuiteRunner.java:450)
at org.testng.SuiteRunner.privateRun(SuiteRunner.java:415)
at org.testng.SuiteRunner.run(SuiteRunner.java:364)
at org.testng.SuiteRunnerWorker.runSuite(SuiteRunnerWorker.java:52)
at org.testng.SuiteRunnerWorker.run(SuiteRunnerWorker.java:84)
at org.testng.TestNG.runSuitesSequentially(TestNG.java:1208)
at org.testng.TestNG.runSuitesLocally(TestNG.java:1137)
at org.testng.TestNG.runSuites(TestNG.java:1049)
at org.testng.TestNG.run(TestNG.java:1017)
at org.testng.remote.AbstractRemoteTestNG.run(AbstractRemoteTestNG.java:114)
at org.testng.remote.RemoteTestNG.initAndRun(RemoteTestNG.java:251)
at org.testng.remote.RemoteTestNG.main(RemoteTestNG.java:77)
]]>
            </full-stacktrace>
          </exception> <!-- java.lang.NumberFormatException -->
          <reporter-output>
          </reporter-output>
        </test-method> <!-- crosscheckprc -->
      </class> <!-- myApplication.PHPpricingchktest -->
    </test> <!-- Default test -->
  </suite> <!-- Default suite -->
</testng-results>
